23:17:19 - !! renaming disabled !!
23:19:49 - !! renaming disabled !!
23:24:22 - !! Can not find server bins, try recompiling !!
14:47:09 - '"C:\Program Files\Java\jdk1.7.0\bin\javac" -Xlint:-options -deprecation -g -source 1.6 -target 1.6 -...' failed : 1
14:47:09 - 
14:47:09 - == ERRORS FOUND ==
14:47:09 - 
14:47:09 - src\common\mal\teleportrelay\common\BlockTeleportRelay.java:61: error: cannot find symbol
14:47:09 - 			FMLLog.info("Marking block at (%d, %d, %d) as needs update.", i, j, k);
14:47:09 - 			^
14:47:09 - 
14:47:09 -   symbol:   variable FMLLog
14:47:09 -   location: class BlockTeleportRelay
14:47:09 - 1 error
14:47:09 - ==================
14:47:09 - 
14:48:55 - !! Can not find server bins, try recompiling !!
15:27:41 - !! Can not find server bins, try recompiling !!
15:40:46 - !! Can not find server bins, try recompiling !!
15:44:21 - !! Can not find server bins, try recompiling !!
16:05:17 - !! Can not find server bins, try recompiling !!
16:12:18 - !! Can not find server bins, try recompiling !!
16:18:49 - !! Can not find server bins, try recompiling !!
